{"C:\\Users\\Luca Daniel Cañas\\source\\repos\\Frontend\\React\\react-expense-tracker\\src\\components\\budgets\\BudgetForm\\BudgetForm.tsx": {"path":"C:\\Users\\Luca Daniel Cañas\\source\\repos\\Frontend\\React\\react-expense-tracker\\src\\components\\budgets\\BudgetForm\\BudgetForm.tsx","statementMap":{"0":{"start":{"line":1,"column":0},"end":{"line":1,"column":42}},"1":{"start":{"line":2,"column":0},"end":{"line":2,"column":53}},"2":{"start":{"line":5,"column":30},"end":{"line":5,"column":41}},"3":{"start":{"line":6,"column":27},"end":{"line":6,"column":38}},"4":{"start":{"line":9,"column":4},"end":{"line":9,"column":38}},"5":{"start":{"line":13,"column":4},"end":{"line":13,"column":23}},"6":{"start":{"line":14,"column":4},"end":{"line":14,"column":25}},"7":{"start":{"line":17,"column":24},"end":{"line":19,"column":14}},"8":{"start":{"line":18,"column":4},"end":{"line":18,"column":40}},"9":{"start":{"line":21,"column":2},"end":{"line":42,"column":null}},"10":{"start":{"line":22,"column":47},"end":{"line":22,"column":62}},"11":{"start":{"line":33,"column":29},"end":{"line":33,"column":44}},"12":{"start":{"line":45,"column":0},"end":{"line":45,"column":26}}},"fnMap":{"0":{"name":"BudgetForm","decl":{"start":{"line":4,"column":9},"end":{"line":4,"column":19}},"loc":{"start":{"line":4,"column":19},"end":{"line":43,"column":1}}},"1":{"name":"handleChange","decl":{"start":{"line":8,"column":11},"end":{"line":8,"column":23}},"loc":{"start":{"line":8,"column":62},"end":{"line":10,"column":3}}},"2":{"name":"handleSubmit","decl":{"start":{"line":12,"column":11},"end":{"line":12,"column":23}},"loc":{"start":{"line":12,"column":59},"end":{"line":15,"column":3}}},"3":{"name":"(anonymous_3)","decl":{"start":{"line":17,"column":32},"end":{"line":17,"column":35}},"loc":{"start":{"line":17,"column":37},"end":{"line":19,"column":3}}},"4":{"name":"(anonymous_4)","decl":{"start":{"line":22,"column":42},"end":{"line":22,"column":43}},"loc":{"start":{"line":22,"column":47},"end":{"line":22,"column":62}}},"5":{"name":"(anonymous_5)","decl":{"start":{"line":33,"column":22},"end":{"line":33,"column":23}},"loc":{"start":{"line":33,"column":29},"end":{"line":33,"column":44}}}},"branchMap":{"0":{"loc":{"start":{"line":18,"column":11},"end":{"line":18,"column":39}},"type":"binary-expr","locations":[{"start":{"line":18,"column":11},"end":{"line":18,"column":24}},{"start":{"line":18,"column":28},"end":{"line":18,"column":39}}]}},"s":{"0":1,"1":1,"2":17,"3":17,"4":12,"5":1,"6":1,"7":17,"8":17,"9":17,"10":1,"11":12,"12":1},"f":{"0":17,"1":12,"2":1,"3":17,"4":1,"5":12},"b":{"0":[17,17]}}
,"C:\\Users\\Luca Daniel Cañas\\source\\repos\\Frontend\\React\\react-expense-tracker\\src\\components\\shared\\Header\\Header.tsx": {"path":"C:\\Users\\Luca Daniel Cañas\\source\\repos\\Frontend\\React\\react-expense-tracker\\src\\components\\shared\\Header\\Header.tsx","statementMap":{"0":{"start":{"line":2,"column":2},"end":{"line":8,"column":null}},"1":{"start":{"line":11,"column":0},"end":{"line":11,"column":22}}},"fnMap":{"0":{"name":"Header","decl":{"start":{"line":1,"column":9},"end":{"line":1,"column":15}},"loc":{"start":{"line":1,"column":15},"end":{"line":9,"column":1}}}},"branchMap":{},"s":{"0":1,"1":1},"f":{"0":1},"b":{}}
,"C:\\Users\\Luca Daniel Cañas\\source\\repos\\Frontend\\React\\react-expense-tracker\\src\\hooks\\useBudget.ts": {"path":"C:\\Users\\Luca Daniel Cañas\\source\\repos\\Frontend\\React\\react-expense-tracker\\src\\hooks\\useBudget.ts","statementMap":{"0":{"start":{"line":3,"column":0},"end":{"line":3,"column":16}},"1":{"start":{"line":1,"column":0},"end":{"line":1,"column":67}},"2":{"start":{"line":4,"column":46},"end":{"line":4,"column":64}},"3":{"start":{"line":7,"column":8},"end":{"line":7,"column":26}},"4":{"start":{"line":10,"column":4},"end":{"line":13,"column":null}}},"fnMap":{"0":{"name":"useBudget","decl":{"start":{"line":3,"column":16},"end":{"line":3,"column":25}},"loc":{"start":{"line":3,"column":25},"end":{"line":14,"column":1}}},"1":{"name":"addNewBudget","decl":{"start":{"line":6,"column":13},"end":{"line":6,"column":25}},"loc":{"start":{"line":6,"column":40},"end":{"line":8,"column":5}}}},"branchMap":{},"s":{"0":1,"1":1,"2":2,"3":1,"4":2},"f":{"0":2,"1":1},"b":{}}
,"C:\\Users\\Luca Daniel Cañas\\source\\repos\\Frontend\\React\\react-expense-tracker\\src\\pages\\Home.tsx": {"path":"C:\\Users\\Luca Daniel Cañas\\source\\repos\\Frontend\\React\\react-expense-tracker\\src\\pages\\Home.tsx","statementMap":{"0":{"start":{"line":4,"column":0},"end":{"line":4,"column":24}},"1":{"start":{"line":1,"column":0},"end":{"line":1,"column":56}},"2":{"start":{"line":2,"column":0},"end":{"line":2,"column":69}},"3":{"start":{"line":5,"column":2},"end":{"line":12,"column":null}}},"fnMap":{"0":{"name":"Home","decl":{"start":{"line":4,"column":24},"end":{"line":4,"column":28}},"loc":{"start":{"line":4,"column":28},"end":{"line":13,"column":1}}}},"branchMap":{},"s":{"0":1,"1":1,"2":1,"3":1},"f":{"0":1},"b":{}}
}
