TN:
SF:src\components\budgets\BudgetForm\BudgetForm.tsx
FN:4,BudgetForm
FN:8,handleChange
FN:12,handleSubmit
FN:17,(anonymous_3)
FN:22,(anonymous_4)
FN:33,(anonymous_5)
FNF:6
FNH:6
FNDA:17,BudgetForm
FNDA:12,handleChange
FNDA:1,handleSubmit
FNDA:17,(anonymous_3)
FNDA:1,(anonymous_4)
FNDA:12,(anonymous_5)
DA:1,1
DA:2,1
DA:5,17
DA:6,17
DA:9,12
DA:13,1
DA:14,1
DA:17,17
DA:18,17
DA:21,17
DA:22,1
DA:33,12
DA:45,1
LF:13
LH:13
BRDA:18,0,0,17
BRDA:18,0,1,17
BRF:2
BRH:2
end_of_record
TN:
SF:src\components\shared\Header\Header.tsx
FN:1,Header
FNF:1
FNH:1
FNDA:1,Header
DA:2,1
DA:11,1
LF:2
LH:2
BRF:0
BRH:0
end_of_record
TN:
SF:src\hooks\useBudget.ts
FN:3,useBudget
FN:6,addNewBudget
FNF:2
FNH:2
FNDA:2,useBudget
FNDA:1,addNewBudget
DA:1,1
DA:3,1
DA:4,2
DA:7,1
DA:10,2
LF:5
LH:5
BRF:0
BRH:0
end_of_record
TN:
SF:src\pages\Home.tsx
FN:4,Home
FNF:1
FNH:1
FNDA:1,Home
DA:1,1
DA:2,1
DA:4,1
DA:5,1
LF:4
LH:4
BRF:0
BRH:0
end_of_record
